<?xml version="1.0" encoding="UTF-8"?>
<!-- Generated by org.testng.reporters.JUnitXMLReporter -->
<testsuite hostname="LAPTOP-SHB1C0EE" ignored="0" name="SeleniumTests" tests="5" failures="0" timestamp="2021-07-26T22:13:42 IST" time="28.022" errors="0">
  <testcase name="validateEmailFieldTest" time="4.765" classname="functionaltests.LoginPageTests"/>
  <testcase name="validatePasswordFieldTest" time="0.134" classname="functionaltests.LoginPageTests"/>
  <testcase name="validateSubmitButtonFieldTest" time="0.112" classname="functionaltests.LoginPageTests"/>
  <testcase name="performLoginTests" time="2.596" classname="functionaltests.LoginPageTests"/>
  <testcase name="validateMenuIcons" time="0.215" classname="functionaltests.HomePageTests"/>
</testsuite> <!-- SeleniumTests -->
