<?xml version="1.0" encoding="UTF-8"?>
<testng-results skipped="0" failed="0" ignored="0" total="5" passed="5">
  <reporter-output>
  </reporter-output>
  <suite name="functionaltests.LoginPageTests" duration-ms="28022" started-at="2021-07-26T22:13:14 IST" finished-at="2021-07-26T22:13:42 IST">
    <groups>
    </groups>
    <test name="SeleniumTests" duration-ms="28022" started-at="2021-07-26T22:13:14 IST" finished-at="2021-07-26T22:13:42 IST">
      <class name="functionaltests.HomePageTests">
        <test-method status="PASS" signature="initSetup()[pri:0, instance:functionaltests.HomePageTests@29774679]" name="initSetup" is-config="true" duration-ms="3673" started-at="2021-07-26T22:13:29 IST" finished-at="2021-07-26T22:13:32 IST">
          <reporter-output>
          </reporter-output>
        </test-method> <!-- initSetup -->
        <test-method status="PASS" signature="performLoginTests()[pri:0, instance:functionaltests.HomePageTests@29774679]" name="performLoginTests" is-config="true" duration-ms="8713" started-at="2021-07-26T22:13:32 IST" finished-at="2021-07-26T22:13:41 IST">
          <reporter-output>
          </reporter-output>
        </test-method> <!-- performLoginTests -->
        <test-method status="PASS" signature="validateMenuIcons()[pri:0, instance:functionaltests.HomePageTests@29774679]" name="validateMenuIcons" duration-ms="215" started-at="2021-07-26T22:13:41 IST" finished-at="2021-07-26T22:13:41 IST">
          <reporter-output>
          </reporter-output>
        </test-method> <!-- validateMenuIcons -->
        <test-method status="PASS" signature="tearDown()[pri:0, instance:functionaltests.HomePageTests@29774679]" name="tearDown" is-config="true" duration-ms="737" started-at="2021-07-26T22:13:41 IST" finished-at="2021-07-26T22:13:42 IST">
          <reporter-output>
          </reporter-output>
        </test-method> <!-- tearDown -->
      </class> <!-- functionaltests.HomePageTests -->
      <class name="functionaltests.LoginPageTests">
        <test-method status="PASS" signature="initSetup()[pri:0, instance:functionaltests.LoginPageTests@61832929]" name="initSetup" is-config="true" duration-ms="6235" started-at="2021-07-26T22:13:14 IST" finished-at="2021-07-26T22:13:20 IST">
          <reporter-output>
          </reporter-output>
        </test-method> <!-- initSetup -->
        <test-method status="PASS" signature="validateEmailFieldTest()[pri:0, instance:functionaltests.LoginPageTests@61832929]" name="validateEmailFieldTest" duration-ms="4765" started-at="2021-07-26T22:13:20 IST" finished-at="2021-07-26T22:13:25 IST">
          <reporter-output>
          </reporter-output>
        </test-method> <!-- validateEmailFieldTest -->
        <test-method status="PASS" signature="validatePasswordFieldTest()[pri:1, instance:functionaltests.LoginPageTests@61832929]" name="validatePasswordFieldTest" duration-ms="134" started-at="2021-07-26T22:13:25 IST" finished-at="2021-07-26T22:13:25 IST">
          <reporter-output>
          </reporter-output>
        </test-method> <!-- validatePasswordFieldTest -->
        <test-method status="PASS" signature="validateSubmitButtonFieldTest()[pri:2, instance:functionaltests.LoginPageTests@61832929]" name="validateSubmitButtonFieldTest" duration-ms="112" started-at="2021-07-26T22:13:25 IST" finished-at="2021-07-26T22:13:25 IST">
          <reporter-output>
          </reporter-output>
        </test-method> <!-- validateSubmitButtonFieldTest -->
        <test-method status="PASS" signature="performLoginTests()[pri:3, instance:functionaltests.LoginPageTests@61832929]" name="performLoginTests" duration-ms="2596" started-at="2021-07-26T22:13:25 IST" finished-at="2021-07-26T22:13:28 IST">
          <reporter-output>
          </reporter-output>
        </test-method> <!-- performLoginTests -->
        <test-method status="PASS" signature="tearDown()[pri:0, instance:functionaltests.LoginPageTests@61832929]" name="tearDown" is-config="true" duration-ms="767" started-at="2021-07-26T22:13:28 IST" finished-at="2021-07-26T22:13:29 IST">
          <reporter-output>
          </reporter-output>
        </test-method> <!-- tearDown -->
      </class> <!-- functionaltests.LoginPageTests -->
    </test> <!-- SeleniumTests -->
  </suite> <!-- functionaltests.LoginPageTests -->
</testng-results>
